<?xml version="1.0" encoding="UTF-8"?>
<!-- Generated by org.testng.reporters.JUnitReportReporter -->
<testsuite hostname="BLT1020" name="com.testCases.SwitchingTabs" tests="1" failures="0" timestamp="6 Mar 2020 03:46:17 GMT" time="0.850" errors="0">
  <testcase name="switchTest" time="0.850" classname="com.testCases.SwitchingTabs"/>
</testsuite> <!-- com.testCases.SwitchingTabs -->
