<?xml version="1.0" encoding="UTF-8"?>
<!-- Generated by org.testng.reporters.JUnitReportReporter -->
<testsuite hostname="BLT1020" name="com.mainTest.TestRegistration" tests="1" failures="0" timestamp="5 Mar 2020 10:35:53 GMT" time="5.242" errors="0">
  <testcase name="registrationTest" time="5.242" classname="com.mainTest.TestRegistration"/>
</testsuite> <!-- com.mainTest.TestRegistration -->
